# JRE version: OpenJDK Runtime Environment Temurin-17.0.7+7 (17.0.7+7) (build 17.0.7+7)
# Java VM: OpenJDK 64-Bit Server VM Temurin-17.0.7+7 (17.0.7+7, mixed mode, emulated-client, tiered, compressed oops, compressed class ptrs, g1 gc, windows-amd64)
GC Precious Log:
 CPUs: 8 total, 8 available
 Memory: 8039M
 Large Page Support: Disabled
 NUMA Support: Disabled
 Compressed Oops: Enabled (32-bit)
 Heap Region Size: 1M
 Heap Min Capacity: 8M
 Heap Initial Capacity: 126M
 Heap Max Capacity: 2010M
 Pre-touch: Disabled
 Parallel Workers: 8
 Concurrent Workers: 2
 Concurrent Refinement Workers: 8
 Periodic GC: Disabled
Heap:
 garbage-first heap   total 61440K, used 26043K [0x0000000082600000, 0x0000000100000000)
  region size 1024K, 7 young (7168K), 4 survivors (4096K)
 Metaspace       used 65097K, committed 65536K, reserved 1114112K
  class space    used 8805K, committed 9024K, reserved 1048576K
GC Heap History (20 events):
Event: 1.369 GC heap before
{Heap before GC invocations=3 (full 0):
 garbage-first heap   total 37888K, used 26297K [0x0000000082600000, 0x0000000100000000)
  region size 1024K, 21 young (21504K), 2 survivors (2048K)
 Metaspace       used 25710K, committed 25920K, reserved 1114112K
  class space    used 3025K, committed 3136K, reserved 1048576K
}
Event: 1.372 GC heap after
{Heap after GC invocations=4 (full 0):
 garbage-first heap   total 37888K, used 10279K [0x0000000082600000, 0x0000000100000000)
  region size 1024K, 3 young (3072K), 3 survivors (3072K)
 Metaspace       used 25710K, committed 25920K, reserved 1114112K
  class space    used 3025K, committed 3136K, reserved 1048576K
}
Event: 1.384 GC heap before
{Heap before GC invocations=4 (full 0):
 garbage-first heap   total 37888K, used 11303K [0x0000000082600000, 0x0000000100000000)
  region size 1024K, 4 young (4096K), 3 survivors (3072K)
 Metaspace       used 25856K, committed 26112K, reserved 1114112K
  class space    used 3053K, committed 3200K, reserved 1048576K
}
Event: 1.387 GC heap after
{Heap after GC invocations=5 (full 0):
 garbage-first heap   total 37888K, used 10497K [0x0000000082600000, 0x0000000100000000)
  region size 1024K, 1 young (1024K), 1 survivors (1024K)
 Metaspace       used 25856K, committed 26112K, reserved 1114112K
  class space    used 3053K, committed 3200K, reserved 1048576K
}
Event: 1.674 GC heap before
{Heap before GC invocations=5 (full 0):
 garbage-first heap   total 37888K, used 25857K [0x0000000082600000, 0x0000000100000000)
  region size 1024K, 17 young (17408K), 1 survivors (1024K)
 Metaspace       used 28060K, committed 28416K, reserved 1114112K
  class space    used 3363K, committed 3520K, reserved 1048576K
}
Event: 1.678 GC heap after
{Heap after GC invocations=6 (full 0):
 garbage-first heap   total 37888K, used 12375K [0x0000000082600000, 0x0000000100000000)
  region size 1024K, 3 young (3072K), 3 survivors (3072K)
 Metaspace       used 28060K, committed 28416K, reserved 1114112K
  class space    used 3363K, committed 3520K, reserved 1048576K
}
Event: 1.966 GC heap before
{Heap before GC invocations=6 (full 0):
 garbage-first heap   total 37888K, used 26711K [0x0000000082600000, 0x0000000100000000)
  region size 1024K, 17 young (17408K), 3 survivors (3072K)
 Metaspace       used 29441K, committed 29760K, reserved 1114112K
  class space    used 3562K, committed 3712K, reserved 1048576K
}
Event: 1.973 GC heap after
{Heap after GC invocations=7 (full 0):
 garbage-first heap   total 65536K, used 13106K [0x0000000082600000, 0x0000000100000000)
  region size 1024K, 1 young (1024K), 1 survivors (1024K)
 Metaspace       used 29441K, committed 29760K, reserved 1114112K
  class space    used 3562K, committed 3712K, reserved 1048576K
}
Event: 2.567 GC heap before
{Heap before GC invocations=7 (full 0):
 garbage-first heap   total 65536K, used 42802K [0x0000000082600000, 0x0000000100000000)
  region size 1024K, 31 young (31744K), 1 survivors (1024K)
 Metaspace       used 34227K, committed 34688K, reserved 1114112K
  class space    used 4355K, committed 4608K, reserved 1048576K
}
Event: 2.573 GC heap after
{Heap after GC invocations=8 (full 0):
 garbage-first heap   total 65536K, used 15959K [0x0000000082600000, 0x0000000100000000)
  region size 1024K, 4 young (4096K), 4 survivors (4096K)
 Metaspace       used 34227K, committed 34688K, reserved 1114112K
  class space    used 4355K, committed 4608K, reserved 1048576K
}
Event: 2.744 GC heap before
{Heap before GC invocations=8 (full 0):
 garbage-first heap   total 65536K, used 23127K [0x0000000082600000, 0x0000000100000000)
  region size 1024K, 12 young (12288K), 4 survivors (4096K)
 Metaspace       used 35693K, committed 36096K, reserved 1114112K
  class space    used 4508K, committed 4736K, reserved 1048576K
}
Event: 2.754 GC heap after
{Heap after GC invocations=9 (full 0):
 garbage-first heap   total 65536K, used 16916K [0x0000000082600000, 0x0000000100000000)
  region size 1024K, 1 young (1024K), 1 survivors (1024K)
 Metaspace       used 35693K, committed 36096K, reserved 1114112K
  class space    used 4508K, committed 4736K, reserved 1048576K
}
Event: 3.401 GC heap before
{Heap before GC invocations=10 (full 0):
 garbage-first heap   total 61440K, used 47636K [0x0000000082600000, 0x0000000100000000)
  region size 1024K, 31 young (31744K), 1 survivors (1024K)
 Metaspace       used 41919K, committed 42368K, reserved 1114112K
  class space    used 5441K, committed 5632K, reserved 1048576K
}
Event: 3.403 GC heap after
{Heap after GC invocations=11 (full 0):
 garbage-first heap   total 61440K, used 18237K [0x0000000082600000, 0x0000000100000000)
  region size 1024K, 3 young (3072K), 3 survivors (3072K)
 Metaspace       used 41919K, committed 42368K, reserved 1114112K
  class space    used 5441K, committed 5632K, reserved 1048576K
}
Event: 4.146 GC heap before
{Heap before GC invocations=11 (full 0):
 garbage-first heap   total 61440K, used 44861K [0x0000000082600000, 0x0000000100000000)
  region size 1024K, 30 young (30720K), 3 survivors (3072K)
 Metaspace       used 51972K, committed 52480K, reserved 1114112K
  class space    used 6765K, committed 7040K, reserved 1048576K
}
Event: 4.150 GC heap after
{Heap after GC invocations=12 (full 0):
 garbage-first heap   total 61440K, used 20734K [0x0000000082600000, 0x0000000100000000)
  region size 1024K, 4 young (4096K), 4 survivors (4096K)
 Metaspace       used 51972K, committed 52480K, reserved 1114112K
  class space    used 6765K, committed 7040K, reserved 1048576K
}
Event: 4.658 GC heap before
{Heap before GC invocations=12 (full 0):
 garbage-first heap   total 61440K, used 45310K [0x0000000082600000, 0x0000000100000000)
  region size 1024K, 29 young (29696K), 4 survivors (4096K)
 Metaspace       used 58940K, committed 59456K, reserved 1114112K
  class space    used 7862K, committed 8128K, reserved 1048576K
}
Event: 4.661 GC heap after
{Heap after GC invocations=13 (full 0):
 garbage-first heap   total 61440K, used 22442K [0x0000000082600000, 0x0000000100000000)
  region size 1024K, 2 young (2048K), 2 survivors (2048K)
 Metaspace       used 58940K, committed 59456K, reserved 1114112K
  class space    used 7862K, committed 8128K, reserved 1048576K
}
Event: 4.752 GC heap before
{Heap before GC invocations=13 (full 0):
 garbage-first heap   total 61440K, used 26538K [0x0000000082600000, 0x0000000100000000)
  region size 1024K, 7 young (7168K), 2 survivors (2048K)
 Metaspace       used 59964K, committed 60416K, reserved 1114112K
  class space    used 8040K, committed 8256K, reserved 1048576K
}
Event: 4.754 GC heap after
{Heap after GC invocations=14 (full 0):
 garbage-first heap   total 61440K, used 22286K [0x0000000082600000, 0x0000000100000000)
  region size 1024K, 2 young (2048K), 2 survivors (2048K)
 Metaspace       used 59964K, committed 60416K, reserved 1114112K
  class space    used 8040K, committed 8256K, reserved 1048576K
}

