# JRE version: OpenJDK Runtime Environment Temurin-17.0.7+7 (17.0.7+7) (build 17.0.7+7)
# Java VM: OpenJDK 64-Bit Server VM Temurin-17.0.7+7 (17.0.7+7, mixed mode, emulated-client, tiered, compressed oops, compressed class ptrs, g1 gc, windows-amd64)
GC Precious Log:
 CPUs: 8 total, 8 available
 Memory: 8039M
 Large Page Support: Disabled
 NUMA Support: Disabled
 Compressed Oops: Enabled (32-bit)
 Heap Region Size: 1M
 Heap Min Capacity: 8M
 Heap Initial Capacity: 126M
 Heap Max Capacity: 2010M
 Pre-touch: Disabled
 Parallel Workers: 8
 Concurrent Workers: 2
 Concurrent Refinement Workers: 8
 Periodic GC: Disabled
Heap:
 garbage-first heap   total 41984K, used 22939K [0x0000000082600000, 0x0000000100000000)
  region size 1024K, 2 young (2048K), 2 survivors (2048K)
 Metaspace       used 63094K, committed 63616K, reserved 1114112K
  class space    used 8522K, committed 8768K, reserved 1048576K
GC Heap History (20 events):
Event: 2.928 GC heap after
{Heap after GC invocations=9 (full 0):
 garbage-first heap   total 41984K, used 15414K [0x0000000082600000, 0x0000000100000000)
  region size 1024K, 3 young (3072K), 3 survivors (3072K)
 Metaspace       used 33912K, committed 34368K, reserved 1114112K
  class space    used 4267K, committed 4480K, reserved 1048576K
}
Event: 3.111 GC heap before
{Heap before GC invocations=9 (full 0):
 garbage-first heap   total 41984K, used 25654K [0x0000000082600000, 0x0000000100000000)
  region size 1024K, 14 young (14336K), 3 survivors (3072K)
 Metaspace       used 35687K, committed 36096K, reserved 1114112K
  class space    used 4505K, committed 4736K, reserved 1048576K
}
Event: 3.119 GC heap after
{Heap after GC invocations=10 (full 0):
 garbage-first heap   total 41984K, used 16718K [0x0000000082600000, 0x0000000100000000)
  region size 1024K, 2 young (2048K), 2 survivors (2048K)
 Metaspace       used 35687K, committed 36096K, reserved 1114112K
  class space    used 4505K, committed 4736K, reserved 1048576K
}
Event: 3.408 GC heap before
{Heap before GC invocations=11 (full 0):
 garbage-first heap   total 41984K, used 31054K [0x0000000082600000, 0x0000000100000000)
  region size 1024K, 16 young (16384K), 2 survivors (2048K)
 Metaspace       used 37945K, committed 38400K, reserved 1114112K
  class space    used 4811K, committed 5056K, reserved 1048576K
}
Event: 3.410 GC heap after
{Heap after GC invocations=12 (full 0):
 garbage-first heap   total 41984K, used 17179K [0x0000000082600000, 0x0000000100000000)
  region size 1024K, 2 young (2048K), 2 survivors (2048K)
 Metaspace       used 37945K, committed 38400K, reserved 1114112K
  class space    used 4811K, committed 5056K, reserved 1048576K
}
Event: 3.748 GC heap before
{Heap before GC invocations=12 (full 0):
 garbage-first heap   total 41984K, used 31515K [0x0000000082600000, 0x0000000100000000)
  region size 1024K, 16 young (16384K), 2 survivors (2048K)
 Metaspace       used 41627K, committed 42048K, reserved 1114112K
  class space    used 5381K, committed 5568K, reserved 1048576K
}
Event: 3.751 GC heap after
{Heap after GC invocations=13 (full 0):
 garbage-first heap   total 41984K, used 17982K [0x0000000082600000, 0x0000000100000000)
  region size 1024K, 2 young (2048K), 2 survivors (2048K)
 Metaspace       used 41627K, committed 42048K, reserved 1114112K
  class space    used 5381K, committed 5568K, reserved 1048576K
}
Event: 4.070 GC heap before
{Heap before GC invocations=13 (full 0):
 garbage-first heap   total 41984K, used 31294K [0x0000000082600000, 0x0000000100000000)
  region size 1024K, 16 young (16384K), 2 survivors (2048K)
 Metaspace       used 45882K, committed 46400K, reserved 1114112K
  class space    used 5943K, committed 6208K, reserved 1048576K
}
Event: 4.073 GC heap after
{Heap after GC invocations=14 (full 0):
 garbage-first heap   total 41984K, used 19327K [0x0000000082600000, 0x0000000100000000)
  region size 1024K, 2 young (2048K), 2 survivors (2048K)
 Metaspace       used 45882K, committed 46400K, reserved 1114112K
  class space    used 5943K, committed 6208K, reserved 1048576K
}
Event: 4.759 GC heap before
{Heap before GC invocations=14 (full 0):
 garbage-first heap   total 41984K, used 32639K [0x0000000082600000, 0x0000000100000000)
  region size 1024K, 15 young (15360K), 2 survivors (2048K)
 Metaspace       used 51585K, committed 52096K, reserved 1114112K
  class space    used 6697K, committed 6976K, reserved 1048576K
}
Event: 4.763 GC heap after
{Heap after GC invocations=15 (full 0):
 garbage-first heap   total 41984K, used 20533K [0x0000000082600000, 0x0000000100000000)
  region size 1024K, 2 young (2048K), 2 survivors (2048K)
 Metaspace       used 51585K, committed 52096K, reserved 1114112K
  class space    used 6697K, committed 6976K, reserved 1048576K
}
Event: 5.073 GC heap before
{Heap before GC invocations=15 (full 0):
 garbage-first heap   total 41984K, used 32821K [0x0000000082600000, 0x0000000100000000)
  region size 1024K, 14 young (14336K), 2 survivors (2048K)
 Metaspace       used 54247K, committed 54784K, reserved 1114112K
  class space    used 7034K, committed 7296K, reserved 1048576K
}
Event: 5.076 GC heap after
{Heap after GC invocations=16 (full 0):
 garbage-first heap   total 41984K, used 21447K [0x0000000082600000, 0x0000000100000000)
  region size 1024K, 1 young (1024K), 1 survivors (1024K)
 Metaspace       used 54247K, committed 54784K, reserved 1114112K
  class space    used 7034K, committed 7296K, reserved 1048576K
}
Event: 5.521 GC heap before
{Heap before GC invocations=17 (full 0):
 garbage-first heap   total 41984K, used 32711K [0x0000000082600000, 0x0000000100000000)
  region size 1024K, 13 young (13312K), 1 survivors (1024K)
 Metaspace       used 58289K, committed 58816K, reserved 1114112K
  class space    used 7759K, committed 8000K, reserved 1048576K
}
Event: 5.523 GC heap after
{Heap after GC invocations=18 (full 0):
 garbage-first heap   total 41984K, used 22044K [0x0000000082600000, 0x0000000100000000)
  region size 1024K, 2 young (2048K), 2 survivors (2048K)
 Metaspace       used 58289K, committed 58816K, reserved 1114112K
  class space    used 7759K, committed 8000K, reserved 1048576K
}
Event: 5.559 GC heap before
{Heap before GC invocations=18 (full 0):
 garbage-first heap   total 41984K, used 23068K [0x0000000082600000, 0x0000000100000000)
  region size 1024K, 3 young (3072K), 2 survivors (2048K)
 Metaspace       used 58530K, committed 59072K, reserved 1114112K
  class space    used 7812K, committed 8064K, reserved 1048576K
}
Event: 5.562 GC heap after
{Heap after GC invocations=19 (full 0):
 garbage-first heap   total 41984K, used 21880K [0x0000000082600000, 0x0000000100000000)
  region size 1024K, 1 young (1024K), 1 survivors (1024K)
 Metaspace       used 58530K, committed 59072K, reserved 1114112K
  class space    used 7812K, committed 8064K, reserved 1048576K
}
Event: 5.864 GC heap before
{Heap before GC invocations=19 (full 0):
 garbage-first heap   total 41984K, used 32120K [0x0000000082600000, 0x0000000100000000)
  region size 1024K, 11 young (11264K), 1 survivors (1024K)
 Metaspace       used 61069K, committed 61632K, reserved 1114112K
  class space    used 8232K, committed 8512K, reserved 1048576K
}
Event: 5.866 GC heap after
{Heap after GC invocations=20 (full 0):
 garbage-first heap   total 41984K, used 22143K [0x0000000082600000, 0x0000000100000000)
  region size 1024K, 1 young (1024K), 1 survivors (1024K)
 Metaspace       used 61069K, committed 61632K, reserved 1114112K
  class space    used 8232K, committed 8512K, reserved 1048576K
}
Event: 6.145 GC heap before
{Heap before GC invocations=21 (full 0):
 garbage-first heap   total 41984K, used 32383K [0x0000000082600000, 0x0000000100000000)
  region size 1024K, 11 young (11264K), 1 survivors (1024K)
 Metaspace       used 63094K, committed 63616K, reserved 1114112K
  class space    used 8522K, committed 8768K, reserved 1048576K
}

